C:\Program Files\Microsoft Visual Studio\2022\Community\MSBuild\Microsoft\VC\v170\Microsoft.CppCommon.targets(197,5): error MSB4018: The "GetOutOfDateItems" task failed unexpectedly.
C:\Program Files\Microsoft Visual Studio\2022\Community\MSBuild\Microsoft\VC\v170\Microsoft.CppCommon.targets(197,5): error MSB4018: System.InvalidOperationException: The item metadata "%(FullPath)" cannot be applied to the path "Debug\PlayerProject.tlog\ParallelCustomBuild.read.1.tlog". Path: Debug\PlayerProject.tlog\ParallelCustomBuild.read.1.tlog exceeds the OS max path limit. The fully qualified file name must be less than 260 characters.
C:\Program Files\Microsoft Visual Studio\2022\Community\MSBuild\Microsoft\VC\v170\Microsoft.CppCommon.targets(197,5): error MSB4018:    at Microsoft.Build.Shared.ErrorUtilities.ThrowInvalidOperation(String resourceName, Object[] args)
C:\Program Files\Microsoft Visual Studio\2022\Community\MSBuild\Microsoft\VC\v170\Microsoft.CppCommon.targets(197,5): error MSB4018:    at Microsoft.Build.Shared.FileUtilities.ItemSpecModifiers.GetItemSpecModifier(String currentDirectory, String itemSpec, String definingProjectEscaped, String modifier, String& fullPath)
C:\Program Files\Microsoft Visual Studio\2022\Community\MSBuild\Microsoft\VC\v170\Microsoft.CppCommon.targets(197,5): error MSB4018:    at Microsoft.Build.Utilities.TaskItem.Microsoft.Build.Framework.ITaskItem2.GetMetadataValueEscaped(String metadataName)
C:\Program Files\Microsoft Visual Studio\2022\Community\MSBuild\Microsoft\VC\v170\Microsoft.CppCommon.targets(197,5): error MSB4018:    at Microsoft.Build.Utilities.TaskItem.GetMetadata(String metadataName)
C:\Program Files\Microsoft Visual Studio\2022\Community\MSBuild\Microsoft\VC\v170\Microsoft.CppCommon.targets(197,5): error MSB4018:    at Microsoft.Build.CPPTasks.GetOutOfDateItems.Execute()
C:\Program Files\Microsoft Visual Studio\2022\Community\MSBuild\Microsoft\VC\v170\Microsoft.CppCommon.targets(197,5): error MSB4018:    at Microsoft.Build.BackEnd.TaskExecutionHost.Microsoft.Build.BackEnd.ITaskExecutionHost.Execute()
C:\Program Files\Microsoft Visual Studio\2022\Community\MSBuild\Microsoft\VC\v170\Microsoft.CppCommon.targets(197,5): error MSB4018:    at Microsoft.Build.BackEnd.TaskBuilder.<ExecuteInstantiatedTask>d__26.MoveNext()
